<?xml version="1.0" encoding="UTF-8"?>
<!-- Generated by org.testng.reporters.JUnitReportReporter -->
<testsuite hostname="LAPTOP-LUFHO4CJ" failures="0" tests="1" name="AutomationPracticeBDD.JenkinsDemo.AmazonTest" time="8.236" errors="0" timestamp="2021-09-25T13:59:56 IST" skipped="0">
  <testcase classname="AutomationPracticeBDD.JenkinsDemo.AmazonTest" name="TC01" time="8.236"/>
  <system-out/>
</testsuite> <!-- AutomationPracticeBDD.JenkinsDemo.AmazonTest -->
