<?xml version="1.0" encoding="UTF-8"?>
<!-- Generated by org.testng.reporters.JUnitReportReporter -->
<testsuite hostname="LAPTOP-LUFHO4CJ" failures="0" tests="1" name="AutomationPracticeBDD.JenkinsDemo.GoogleTest" time="8.982" errors="0" timestamp="2021-09-27T08:46:57 IST" skipped="0">
  <testcase classname="AutomationPracticeBDD.JenkinsDemo.GoogleTest" name="TC01" time="8.982"/>
  <system-out/>
</testsuite> <!-- AutomationPracticeBDD.JenkinsDemo.GoogleTest -->
